{
  "stats": {
    "suites": 1,
    "tests": 1,
    "passes": 1,
    "pending": 0,
    "failures": 0,
    "start": "2025-03-13T07:27:41.583Z",
    "end": "2025-03-13T07:27:56.154Z",
    "duration": 14571,
    "testsRegistered": 1,
    "passPercent": 100,
    "pendingPercent": 0,
    "other": 0,
    "hasOther": false,
    "skipped": 0,
    "hasSkipped": false
  },
  "results": [
    {
      "uuid": "1795fd85-43f7-4f2d-a315-0a6c354204e0",
      "title": "",
      "fullFile": "cypress\\integration\\examples\\Test11Framework.js",
      "file": "cypress\\integration\\examples\\Test11Framework.js",
      "beforeHooks": [],
      "afterHooks": [],
      "tests": [],
      "suites": [
        {
          "uuid": "31fdb7de-4228-45f8-a9e9-50ddb04022b0",
          "title": "End to End ecommerce Test",
          "fullFile": "",
          "file": "",
          "beforeHooks": [],
          "afterHooks": [],
          "tests": [
            {
              "title": "Submit Order",
              "fullTitle": "End to End ecommerce Test Submit Order",
              "timedOut": null,
              "duration": 12443,
              "state": "passed",
              "speed": "slow",
              "pass": true,
              "fail": false,
              "pending": false,
              "context": "{\n  \"title\": \"cypress-mochawesome-reporter-videos-passed\",\n  \"value\": \"cypress\\\\integration\\\\examples\\\\Test11Framework.js\"\n}",
              "code": "//cambio el timeout solo en este test\n//Cypress.config('defaultCommandTimeout', 10000) \nvar productName = this.data.productName;\nthis.homePage.goTo(Cypress.env('url') + \"/loginpagePractise/#\");\ncy.log(this.data.username);\n// Pause the execution of the test\n//cy.pause()\nvar productPage = this.homePage.login(this.data.username, this.data.password);\nproductPage.pageValidation();\nproductPage.getCardCount().should('have.length', 4);\nproductPage.selectProduct(productName);\nproductPage.selectFirstProduct();\nvar cartPage = productPage.goToCart();\ncartPage.sumOfProducts().then(function (sum) {\n  expect(sum).to.be.lessThan(200000);\n});\nvar confirmationPage = cartPage.checkoutItems();\nconfirmationPage.submitFormDetails();\nconfirmationPage.getAlertMessage().should('contain', 'Success');",
              "err": {},
              "uuid": "0633afa2-0df4-45c4-bb7d-23f6f6a9ddd4",
              "parentUUID": "31fdb7de-4228-45f8-a9e9-50ddb04022b0",
              "isHook": false,
              "skipped": false
            }
          ],
          "suites": [],
          "passes": [
            "0633afa2-0df4-45c4-bb7d-23f6f6a9ddd4"
          ],
          "failures": [],
          "pending": [],
          "skipped": [],
          "duration": 12443,
          "root": false,
          "rootEmpty": false,
          "_timeout": 2000
        }
      ],
      "passes": [],
      "failures": [],
      "pending": [],
      "skipped": [],
      "duration": 0,
      "root": true,
      "rootEmpty": true,
      "_timeout": 2000
    }
  ],
  "meta": {
    "mocha": {
      "version": "7.0.1"
    },
    "mochawesome": {
      "options": {
        "quiet": false,
        "reportFilename": "mochawesome",
        "saveHtml": false,
        "saveJson": true,
        "consoleReporter": "spec",
        "useInlineDiffs": false,
        "code": true
      },
      "version": "7.1.3"
    },
    "marge": {
      "options": {
        "overwrite": false,
        "html": false,
        "json": true,
        "reportDir": "cypress\\reports\\html\\.jsons"
      },
      "version": "6.2.0"
    }
  }
}